[debug] [2018-11-19T03:40:35.891Z] ----------------------------------------------------------------------
[debug] [2018-11-19T03:40:35.999Z] Command:       C:\Program Files\nodejs\node.exe C:\Users\Dr. S.N. Sachdeva\AppData\Roaming\npm\node_modules\firebase-tools\lib\bin\firebase.js login
[debug] [2018-11-19T03:40:36.007Z] CLI Version:   6.1.0
[debug] [2018-11-19T03:40:36.007Z] Platform:      win32
[debug] [2018-11-19T03:40:36.007Z] Node Version:  v8.12.0
[debug] [2018-11-19T03:40:36.051Z] Time:          Mon Nov 19 2018 09:10:36 GMT+0530 (India Standard Time)
[debug] [2018-11-19T03:40:36.051Z] ----------------------------------------------------------------------
[debug] 
[info] Already logged in as hardiksachdeva98@gmail.com
[debug] [2018-11-19T03:41:29.580Z] ----------------------------------------------------------------------
[debug] [2018-11-19T03:41:29.592Z] Command:       C:\Program Files\nodejs\node.exe C:\Users\Dr. S.N. Sachdeva\AppData\Roaming\npm\node_modules\firebase-tools\lib\bin\firebase.js serve
[debug] [2018-11-19T03:41:29.596Z] CLI Version:   6.1.0
[debug] [2018-11-19T03:41:29.596Z] Platform:      win32
[debug] [2018-11-19T03:41:29.596Z] Node Version:  v8.12.0
[debug] [2018-11-19T03:41:29.608Z] Time:          Mon Nov 19 2018 09:11:29 GMT+0530 (India Standard Time)
[debug] [2018-11-19T03:41:29.608Z] ----------------------------------------------------------------------
[debug] 
[debug] [2018-11-19T03:41:29.688Z] > command requires scopes: ["email","openid","https://www.googleapis.com/auth/cloudplatformprojects.readonly","https://www.googleapis.com/auth/firebase","https://www.googleapis.com/auth/cloud-platform"]
[debug] [2018-11-19T03:41:29.692Z] > authorizing via signed-in user
[debug] [2018-11-19T03:41:29.692Z] [iam] checking project ts18phack for permissions ["firebase.projects.get"]
[debug] [2018-11-19T03:41:29.704Z] > refreshing access token with scopes: ["email","https://www.googleapis.com/auth/cloud-platform","https://www.googleapis.com/auth/cloudplatformprojects.readonly","https://www.googleapis.com/auth/firebase","openid"]
[debug] [2018-11-19T03:41:29.704Z] >>> HTTP REQUEST POST https://www.googleapis.com/oauth2/v3/token  
 <request body omitted>
[debug] [2018-11-19T03:41:30.532Z] <<< HTTP RESPONSE 200
[debug] [2018-11-19T03:41:30.584Z] >>> HTTP REQUEST POST https://cloudresourcemanager.googleapis.com/v1/projects/ts18phack:testIamPermissions  

[debug] [2018-11-19T03:41:32.674Z] <<< HTTP RESPONSE 200
[debug] [2018-11-19T03:41:32.678Z] >>> HTTP REQUEST GET https://cloudresourcemanager.googleapis.com/v1/projects/ts18phack  
 
[debug] [2018-11-19T03:41:34.617Z] <<< HTTP RESPONSE 200
[info] 
[info] === Serving from 'C:\Users\Dr. S.N. Sachdeva\Desktop\Final JanSevak\janSevak'...
[info] 
[info] i  functions: Preparing to emulate functions.
[debug] [2018-11-19T03:41:48.839Z] Fetching environment
[info] +  database: started on http://localhost:9000
[debug] [2018-11-19T03:41:49.029Z] >>> HTTP REQUEST GET https://mobilesdk-pa.googleapis.com/v1/projects/1032518616744:getServerAppConfig  
 
[debug] [2018-11-19T03:41:49.033Z] >>> HTTP REQUEST GET https://mobilesdk-pa.googleapis.com/v1/projects/1032518616744/clients/_:getWebAppConfig  
 
[debug] [2018-11-19T03:41:50.044Z] <<< HTTP RESPONSE 200
[debug] [2018-11-19T03:41:50.044Z] Starting @google-cloud/functions-emulator
[debug] [2018-11-19T03:41:50.208Z] <<< HTTP RESPONSE 200
[info] i  hosting: Serving hosting files from: public
[info] +  hosting: Local server: http://localhost:5000
[debug] [2018-11-19T03:42:10.279Z] Parsing function triggers
[warn] !  functions: Failed to load functions source code. Ensure that you have the latest SDK by running npm i --save firebase-functions inside the functions directory.
[debug] [2018-11-19T03:42:12.399Z] Error during trigger parsing:  Error parsing triggers: Cannot find module 'firebase-functions'

Try running "npm install" in your functions directory before deploying.
[warn] !  functions: Error from emulator. Error parsing triggers: Cannot find module 'firebase-functions'

Try running "npm install" in your functions directory before deploying.
[debug] [2018-11-19T03:42:12.411Z] 
[info] Shutting down...
[info] +  database: shutting down
[info] i  database: emulator has exited
[info] Shutting down...
[info] +  database: shutting down
[info] Shutting down...
[info] +  database: shutting down
[info] Shutting down...
[info] +  database: shutting down
